<?xml version="1.0" encoding="UTF-8"?>
<testsuite name="org.zerock.dao.ConnectTests" tests="1" skipped="0" failures="0" errors="0" timestamp="2024-04-17T03:25:59" hostname="DESKTOP-7SESDIE" time="0.014">
  <properties/>
  <testcase name="test1()" classname="org.zerock.dao.ConnectTests" time="0.014"/>
  <system-out><![CDATA[]]></system-out>
  <system-err><![CDATA[]]></system-err>
</testsuite>
